<?xml version="1.0" encoding="UTF-8"?>
<!-- Generated by org.testng.reporters.JUnitReportReporter -->
<testsuite hostname="DESKTOP-UUMBKK3" failures="0" tests="2" name="com.tyss.hospicehealthcare.admin.AddDoctorTest" time="26.527" errors="0" timestamp="2024-04-17T13:31:31 IST" skipped="0">
  <testcase classname="com.tyss.hospicehealthcare.admin.AddDoctorTest" name="AddDoctorTest" time="12.088"/>
  <system-out>
    <![CDATA[Actual Excecution start frrom here
AddDoctorTestExecuted Successfully]]>
  </system-out>
  <testcase classname="com.tyss.hospicehealthcare.admin.AddDoctorTest" name="AddDoctorTest" time="14.439"/>
  <system-out>
    <![CDATA[Actual Excecution start frrom here
AddDoctorTestExecuted Successfully]]>
  </system-out>
</testsuite> <!-- com.tyss.hospicehealthcare.admin.AddDoctorTest -->
