<?xml version="1.0" encoding="UTF-8"?>
<!-- Generated by org.testng.reporters.JUnitReportReporter -->
<testsuite hostname="DESKTOP-UUMBKK3" failures="0" tests="1" name="TestNG.AnnotationTest" time="0.043" errors="0" timestamp="2024-04-08T14:37:33 IST" skipped="0">
  <testcase classname="TestNG.AnnotationTest" name="twoTet" time="0.043"/>
  <system-out/>
</testsuite> <!-- TestNG.AnnotationTest -->
