<?xml version="1.0" encoding="UTF-8"?>
<!-- Generated by org.testng.reporters.JUnitReportReporter -->
<testsuite hostname="DESKTOP-UUMBKK3" failures="0" tests="1" name="TestNG.AssertionTest" time="5.983" errors="0" timestamp="2024-04-12T12:58:23 IST" skipped="0">
  <testcase classname="TestNG.AssertionTest" name="verifyTitle" time="5.983"/>
  <system-out/>
</testsuite> <!-- TestNG.AssertionTest -->
