<?xml version="1.0" encoding="UTF-8"?>
<!-- Generated by org.testng.reporters.JUnitReportReporter -->
<testsuite hostname="DESKTOP-UUMBKK3" failures="0" tests="1" name="com.tyss.hospicehealthcare.doctor.addPatientUsingUtilityTest" time="11.167" errors="0" timestamp="2024-04-08T17:39:59 IST" skipped="0">
  <testcase classname="com.tyss.hospicehealthcare.doctor.addPatientUsingUtilityTest" name="addPatientUsingUtilityTest" time="11.167"/>
  <system-out/>
</testsuite> <!-- com.tyss.hospicehealthcare.doctor.addPatientUsingUtilityTest -->
