<?xml version="1.0" encoding="UTF-8"?>
<!-- Generated by org.testng.reporters.JUnitReportReporter -->
<testsuite hostname="DESKTOP-UUMBKK3" failures="0" tests="2" name="TestNG.DemoTestNgTest" time="0.019" errors="0" timestamp="2024-04-05T17:12:56 IST" skipped="0">
  <testcase classname="TestNG.DemoTestNgTest" name="patient" time="0.016"/>
  <system-out/>
  <testcase classname="TestNG.DemoTestNgTest" name="doctor" time="0.003"/>
  <system-out/>
</testsuite> <!-- TestNG.DemoTestNgTest -->
