<?xml version="1.0" encoding="UTF-8"?>
<!-- Generated by org.testng.reporters.JUnitReportReporter -->
<testsuite hostname="DESKTOP-UUMBKK3" failures="0" tests="2" name="TestNG.DataProviderTest" time="0.019" errors="0" timestamp="2024-04-05T18:46:23 IST" skipped="0">
  <testcase classname="TestNG.DataProviderTest" name="getData" time="0.015"/>
  <system-out/>
  <testcase classname="TestNG.DataProviderTest" name="getData" time="0.004"/>
  <system-out/>
</testsuite> <!-- TestNG.DataProviderTest -->
