<?xml version="1.0" encoding="UTF-8"?>
<!-- Generated by org.testng.reporters.JUnitReportReporter -->
<testsuite hostname="DESKTOP-UUMBKK3" failures="0" tests="2" name="TestNG.ReadDataFromExcelTest" time="9.917" errors="0" timestamp="2024-04-08T11:14:55 IST" skipped="0">
  <testcase classname="TestNG.ReadDataFromExcelTest" name="getData" time="5.616"/>
  <system-out/>
  <testcase classname="TestNG.ReadDataFromExcelTest" name="getData" time="4.301"/>
  <system-out/>
</testsuite> <!-- TestNG.ReadDataFromExcelTest -->
