<?xml version="1.0" encoding="UTF-8"?>
<!-- Generated by org.testng.reporters.JUnitReportReporter -->
<testsuite hostname="DESKTOP-UUMBKK3" failures="0" tests="2" name="TestNG.AddDoctorTest" time="9.648" errors="0" timestamp="2024-04-10T13:55:07 IST" skipped="0">
  <testcase classname="TestNG.AddDoctorTest" name="AddDoctorTest" time="7.696"/>
  <system-out/>
  <testcase classname="TestNG.AddDoctorTest" name="CraeteDoctorSpecializationUsingPomTest" time="1.952"/>
  <system-out/>
</testsuite> <!-- TestNG.AddDoctorTest -->
