<?xml version="1.0" encoding="UTF-8"?>
<!-- Generated by org.testng.reporters.JUnitReportReporter -->
<testsuite hostname="DESKTOP-UUMBKK3" failures="0" tests="1" name="com.tyss.hospicehealthcare.admin.CraeteDoctorSpecializationUsingPomTest" time="5.452" errors="0" timestamp="2024-04-17T13:29:50 IST" skipped="0">
  <testcase classname="com.tyss.hospicehealthcare.admin.CraeteDoctorSpecializationUsingPomTest" name="CraeteDoctorSpecializationUsingPomTest" time="5.452"/>
  <system-out/>
</testsuite> <!-- com.tyss.hospicehealthcare.admin.CraeteDoctorSpecializationUsingPomTest -->
