<?xml version="1.0" encoding="UTF-8"?>
<!-- Generated by org.testng.reporters.JUnitReportReporter -->
<testsuite hostname="DESKTOP-UUMBKK3" failures="0" tests="2" name="TestNG.CompleteReadDataTest" time="9.087" errors="0" timestamp="2024-04-08T10:13:15 IST" skipped="0">
  <testcase classname="TestNG.CompleteReadDataTest" name="getdata1" time="3.637"/>
  <system-out/>
  <testcase classname="TestNG.CompleteReadDataTest" name="getdata1" time="5.450"/>
  <system-out/>
</testsuite> <!-- TestNG.CompleteReadDataTest -->
