<?xml version="1.0" encoding="UTF-8"?>
<!-- Generated by org.testng.reporters.JUnitReportReporter -->
<testsuite hostname="DESKTOP-UUMBKK3" failures="0" tests="1" name="com.tyss.hospicehealthcare.doctor.EditDoctorProfileUsingPomTest" time="10.972" errors="0" timestamp="2024-04-12T14:31:21 IST" skipped="0">
  <testcase classname="com.tyss.hospicehealthcare.doctor.EditDoctorProfileUsingPomTest" name="EditDoctorProfileUsingPomTest" time="10.972"/>
  <system-out/>
</testsuite> <!-- com.tyss.hospicehealthcare.doctor.EditDoctorProfileUsingPomTest -->
