<?xml version="1.0" encoding="UTF-8"?>
<!-- Generated by org.testng.reporters.JUnitReportReporter -->
<testsuite hostname="DESKTOP-UUMBKK3" failures="0" tests="1" name="com.tyss.hospicehealthcare.doctor.AddPatientUsingPomTest" time="11.345" errors="0" timestamp="2024-04-17T16:33:12 IST" skipped="0">
  <testcase classname="com.tyss.hospicehealthcare.doctor.AddPatientUsingPomTest" name="AddPatientUsingPomTest" time="11.345"/>
  <system-out>
    <![CDATA[Actual Excecution start frrom here
AddPatientUsingPomTestExecuted Successfully]]>
  </system-out>
</testsuite> <!-- com.tyss.hospicehealthcare.doctor.AddPatientUsingPomTest -->
