<?xml version="1.0" encoding="UTF-8"?>
<!-- Generated by org.testng.reporters.JUnitReportReporter -->
<testsuite hostname="DESKTOP-UUMBKK3" failures="0" tests="3" name="TestNG.TrialTest" time="3.478" errors="0" timestamp="2024-04-12T16:17:06 IST" skipped="0">
  <testcase classname="TestNG.TrialTest" name="trialTest3" time="1.138"/>
  <system-out/>
  <testcase classname="TestNG.TrialTest" name="trialTest2" time="1.531"/>
  <system-out/>
  <testcase classname="TestNG.TrialTest" name="trialTest1" time="0.809"/>
  <system-out/>
</testsuite> <!-- TestNG.TrialTest -->
